CRITICAL - 2022-01-11 08:20:24 --> Undefined variable $conta
#0 C:\xampp\htdocs\CRUD\app\Views\exibirSaldo.php(12): CodeIgniter\Debug\Exceptions->errorHandler(2, 'Undefined varia...', 'C:\\xampp\\htdocs...', 12)
#1 C:\xampp\htdocs\CRUD\system\View\View.php(210): include('C:\\xampp\\htdocs...')
#2 C:\xampp\htdocs\CRUD\system\View\View.php(213): CodeIgniter\View\View->CodeIgniter\View\{closure}()
#3 C:\xampp\htdocs\CRUD\system\Common.php(1089): CodeIgniter\View\View->render('exibirSaldo', Array, true)
#4 C:\xampp\htdocs\CRUD\app\Controllers\Home.php(68): view('exibirSaldo', Array)
#5 C:\xampp\htdocs\CRUD\system\CodeIgniter.php(825): App\Controllers\Home->exibirSaldo()
#6 C:\xampp\htdocs\CRUD\system\CodeIgniter.php(412): CodeIgniter\CodeIgniter->runController(Object(App\Controllers\Home))
#7 C:\xampp\htdocs\CRUD\system\CodeIgniter.php(320): CodeIgniter\CodeIgniter->handleRequest(NULL, Object(Config\Cache), false)
#8 C:\xampp\htdocs\CRUD\public\index.php(37): CodeIgniter\CodeIgniter->run()
#9 {main}
CRITICAL - 2022-01-11 09:23:38 --> unlink(C:\xampp\htdocs\CRUD\writable\debugbar/debugbar_1641912594.json): No such file or directory
#0 [internal function]: CodeIgniter\Debug\Exceptions->errorHandler(2, 'unlink(C:\\xampp...', 'C:\\xampp\\htdocs...', 74)
#1 C:\xampp\htdocs\CRUD\system\Debug\Toolbar\Collectors\History.php(74): unlink('C:\\xampp\\htdocs...')
#2 C:\xampp\htdocs\CRUD\system\Debug\Toolbar.php(487): CodeIgniter\Debug\Toolbar\Collectors\History->setFiles(1641914617, 20)
#3 C:\xampp\htdocs\CRUD\system\Debug\Toolbar.php(464): CodeIgniter\Debug\Toolbar->format(Array, 'html')
#4 C:\xampp\htdocs\CRUD\app\Config\Events.php(48): CodeIgniter\Debug\Toolbar->respond()
#5 C:\xampp\htdocs\CRUD\system\Events\Events.php(149): CodeIgniter\Events\Events::Config\{closure}()
#6 C:\xampp\htdocs\CRUD\system\CodeIgniter.php(302): CodeIgniter\Events\Events::trigger('pre_system')
#7 C:\xampp\htdocs\CRUD\public\index.php(37): CodeIgniter\CodeIgniter->run()
#8 {main}
